<?xml version="1.0" encoding="UTF-8"?>
<!-- Generated by org.testng.reporters.JUnitReportReporter -->
<testsuite hostname="BRIAPWLpLl4e149" failures="0" tests="3" name="testCases.LoginPageTest" time="41.168" errors="0" timestamp="2024-04-07T12:38:30 IST" skipped="0">
  <testcase classname="testCases.LoginPageTest" name="LoginSuccessful" time="12.692"/>
  <system-out/>
  <testcase classname="testCases.LoginPageTest" name="LoginWithInvalidCredentials" time="13.845"/>
  <system-out/>
  <testcase classname="testCases.LoginPageTest" name="ForgotFunctionality" time="14.631"/>
  <system-out/>
</testsuite> <!-- testCases.LoginPageTest -->
