<?xml version="1.0" encoding="UTF-8"?>
<!-- Generated by org.testng.reporters.JUnitReportReporter -->
<testsuite hostname="BRIAPWLpLl4e149" failures="0" tests="2" name="testCases.CreateAccountPageTest" time="19.426" errors="0" timestamp="2024-04-06T16:40:51 IST" skipped="0">
  <testcase classname="testCases.CreateAccountPageTest" name="CreateAccount" time="12.909"/>
  <system-out/>
  <testcase classname="testCases.CreateAccountPageTest" name="validateMandatoryFieldsOnCreateAccountPage" time="6.517"/>
  <system-out/>
</testsuite> <!-- testCases.CreateAccountPageTest -->
