<?xml version="1.0" encoding="UTF-8"?>
<!-- Generated by org.testng.reporters.JUnitReportReporter -->
<testsuite hostname="BRIAPWLpLl4e149" failures="0" tests="3" name="testCases.LoginPageTest2" time="0.017" errors="0" timestamp="2024-04-06T16:56:16 IST" skipped="0">
  <testcase classname="testCases.LoginPageTest2" name="LoginWithInvalidCredentials" time="0.001"/>
  <system-out/>
  <testcase classname="testCases.LoginPageTest2" name="LoginSuccessful" time="0.014"/>
  <system-out/>
  <testcase classname="testCases.LoginPageTest2" name="ForgotFunctionality" time="0.002"/>
  <system-out/>
</testsuite> <!-- testCases.LoginPageTest2 -->
