<?xml version="1.0" encoding="UTF-8"?>
<!-- Generated by org.testng.reporters.JUnitReportReporter -->
<testsuite hostname="BRIAPWLpLl4e149" failures="0" tests="1" name="testCases.demo" time="10.491" errors="0" timestamp="2024-04-07T12:37:27 IST" skipped="0">
  <testcase classname="testCases.demo" name="demo" time="10.491"/>
  <system-out/>
</testsuite> <!-- testCases.demo -->
